<?xml version="1.0" encoding="UTF-8"?>
<testng-results skipped="0" failed="1" ignored="0" total="1" passed="0">
  <reporter-output>
  </reporter-output>
  <suite name="Default suite" duration-ms="32780" started-at="2021-10-13T10:37:35 IST" finished-at="2021-10-13T10:38:08 IST">
    <groups>
      <group name="smoketest">
        <method signature="TC_01createContact.createContact()[pri:0, instance:com.Vtiger.comContacts.xml.TC_01createContact@1fc2b765]" name="createContact" class="com.Vtiger.comContacts.xml.TC_01createContact"/>
      </group> <!-- smoketest -->
    </groups>
    <test name="Default test" duration-ms="32780" started-at="2021-10-13T10:37:35 IST" finished-at="2021-10-13T10:38:08 IST">
      <class name="com.Vtiger.comContacts.xml.TC_01createContact">
        <test-method status="PASS" signature="connectDB()[pri:0, instance:com.Vtiger.comContacts.xml.TC_01createContact@1fc2b765]" name="connectDB" is-config="true" duration-ms="16" started-at="2021-10-13T10:37:35 IST" finished-at="2021-10-13T10:37:35 IST">
          <reporter-output>
          </reporter-output>
        </test-method> <!-- connectDB -->
        <test-method status="PASS" signature="launchBrowser(java.lang.String)[pri:0, instance:com.Vtiger.comContacts.xml.TC_01createContact@1fc2b765]" name="launchBrowser" is-config="true" duration-ms="6107" started-at="2021-10-13T10:37:35 IST" finished-at="2021-10-13T10:37:41 IST">
          <params>
            <param index="0">
              <value>
                <![CDATA[chrome]]>
              </value>
            </param>
          </params>
          <reporter-output>
          </reporter-output>
        </test-method> <!-- launchBrowser -->
        <test-method status="PASS" signature="login()[pri:0, instance:com.Vtiger.comContacts.xml.TC_01createContact@1fc2b765]" name="login" is-config="true" duration-ms="5804" started-at="2021-10-13T10:37:41 IST" finished-at="2021-10-13T10:37:47 IST">
          <reporter-output>
          </reporter-output>
        </test-method> <!-- login -->
        <test-method status="FAIL" signature="createContact()[pri:0, instance:com.Vtiger.comContacts.xml.TC_01createContact@1fc2b765]" name="createContact" duration-ms="18365" started-at="2021-10-13T10:37:47 IST" finished-at="2021-10-13T10:38:05 IST">
          <exception class="java.lang.AssertionError">
            <message>
              <![CDATA[expected [b] but found [a]]]>
            </message>
            <full-stacktrace>
              <![CDATA[java.lang.AssertionError: expected [b] but found [a]
at org.testng.Assert.fail(Assert.java:99)
at org.testng.Assert.failNotEquals(Assert.java:1037)
at org.testng.Assert.assertEqualsImpl(Assert.java:140)
at org.testng.Assert.assertEquals(Assert.java:122)
at org.testng.Assert.assertEquals(Assert.java:629)
at org.testng.Assert.assertEquals(Assert.java:639)
at com.Vtiger.comContacts.xml.TC_01createContact.createContact(TC_01createContact.java:30)
at sun.reflect.NativeMethodAccessorImpl.invoke0(Native Method)
at sun.reflect.NativeMethodAccessorImpl.invoke(Unknown Source)
at sun.reflect.DelegatingMethodAccessorImpl.invoke(Unknown Source)
at java.lang.reflect.Method.invoke(Unknown Source)
at org.testng.internal.MethodInvocationHelper.invokeMethod(MethodInvocationHelper.java:133)
at org.testng.internal.TestInvoker.invokeMethod(TestInvoker.java:598)
at org.testng.internal.TestInvoker.invokeTestMethod(TestInvoker.java:173)
at org.testng.internal.MethodRunner.runInSequence(MethodRunner.java:46)
at org.testng.internal.TestInvoker$MethodInvocationAgent.invoke(TestInvoker.java:824)
at org.testng.internal.TestInvoker.invokeTestMethods(TestInvoker.java:146)
at org.testng.internal.TestMethodWorker.invokeTestMethods(TestMethodWorker.java:146)
at org.testng.internal.TestMethodWorker.run(TestMethodWorker.java:128)
at java.util.ArrayList.forEach(Unknown Source)
at org.testng.TestRunner.privateRun(TestRunner.java:794)
at org.testng.TestRunner.run(TestRunner.java:596)
at org.testng.SuiteRunner.runTest(SuiteRunner.java:377)
at org.testng.SuiteRunner.runSequentially(SuiteRunner.java:371)
at org.testng.SuiteRunner.privateRun(SuiteRunner.java:332)
at org.testng.SuiteRunner.run(SuiteRunner.java:276)
at org.testng.SuiteRunnerWorker.runSuite(SuiteRunnerWorker.java:53)
at org.testng.SuiteRunnerWorker.run(SuiteRunnerWorker.java:96)
at org.testng.TestNG.runSuitesSequentially(TestNG.java:1212)
at org.testng.TestNG.runSuitesLocally(TestNG.java:1134)
at org.testng.TestNG.runSuites(TestNG.java:1063)
at org.testng.TestNG.run(TestNG.java:1031)
at org.testng.remote.AbstractRemoteTestNG.run(AbstractRemoteTestNG.java:115)
at org.testng.remote.RemoteTestNG.initAndRun(RemoteTestNG.java:251)
at org.testng.remote.RemoteTestNG.main(RemoteTestNG.java:77)
]]>
            </full-stacktrace>
          </exception> <!-- java.lang.AssertionError -->
          <reporter-output>
          </reporter-output>
        </test-method> <!-- createContact -->
        <test-method status="PASS" signature="logout()[pri:0, instance:com.Vtiger.comContacts.xml.TC_01createContact@1fc2b765]" name="logout" is-config="true" duration-ms="2031" started-at="2021-10-13T10:38:06 IST" finished-at="2021-10-13T10:38:08 IST">
          <reporter-output>
          </reporter-output>
        </test-method> <!-- logout -->
        <test-method status="PASS" signature="closeBrowser()[pri:0, instance:com.Vtiger.comContacts.xml.TC_01createContact@1fc2b765]" name="closeBrowser" is-config="true" duration-ms="120" started-at="2021-10-13T10:38:08 IST" finished-at="2021-10-13T10:38:08 IST">
          <reporter-output>
          </reporter-output>
        </test-method> <!-- closeBrowser -->
        <test-method status="PASS" signature="closeDB()[pri:0, instance:com.Vtiger.comContacts.xml.TC_01createContact@1fc2b765]" name="closeDB" is-config="true" duration-ms="0" started-at="2021-10-13T10:38:08 IST" finished-at="2021-10-13T10:38:08 IST">
          <reporter-output>
          </reporter-output>
        </test-method> <!-- closeDB -->
      </class> <!-- com.Vtiger.comContacts.xml.TC_01createContact -->
    </test> <!-- Default test -->
  </suite> <!-- Default suite -->
</testng-results>
